[2024-03-21 20:41:40] composer.INFO: require "fof/gamification:*" -W
<warning>Composer could not detect the root package (flarum/flarum) version, defaulting to '1.0.0'. See https://getcomposer.org/root-version</warning>
C:\xampp\htdocs\flarum\flarum/composer.json has been updated
<warning>Composer could not detect the root package (flarum/flarum) version, defaulting to '1.0.0'. See https://getcomposer.org/root-version</warning>
Running composer update fof/gamification --with-all-dependencies
Loading composer repositories with package information
Updating dependencies
Lock file operations: 2 installs, 0 updates, 0 removals
  - Locking fof/extend (1.3.3)
  - Locking fof/gamification (1.6.7)
Writing lock file
Installing dependencies from lock file (including require-dev)
Package operations: 152 installs, 0 updates, 0 removals
  - Downloading axy/backtrace (2.0.0)
  - Downloading components/font-awesome (5.15.4)
  - Downloading composer/ca-bundle (1.5.0)
  - Downloading symfony/polyfill-php80 (v1.29.0)
  - Downloading symfony/deprecation-contracts (v3.4.0)
  - Downloading symfony/finder (v5.4.35)
  - Downloading composer/pcre (3.1.3)
  - Downloading composer/class-map-generator (1.1.1)
  - Downloading composer/metadata-minifier (1.0.0)
  - Downloading composer/semver (3.4.0)
  - Downloading composer/spdx-licenses (1.5.8)
  - Downloading psr/log (1.1.4)
  - Downloading composer/xdebug-handler (3.0.3)
  - Downloading psr/http-message (1.1)
  - Downloading dflydev/fig-cookies (v3.1.0)
  - Downloading doctrine/deprecations (1.1.3)
  - Downloading doctrine/event-manager (1.2.0)
  - Downloading doctrine/cache (2.2.0)
  - Downloading doctrine/dbal (2.13.9)
  - Downloading doctrine/inflector (2.0.10)
  - Downloading doctrine/lexer (1.2.3)
  - Downloading symfony/polyfill-ctype (v1.29.0)
  - Downloading webmozart/assert (1.11.0)
  - Downloading dragonmantank/cron-expression (v3.3.3)
  - Downloading wikimedia/less.php (v3.2.1)
  - Downloading symfony/yaml (v5.4.35)
  - Downloading symfony/translation-contracts (v2.5.2)
  - Downloading symfony/polyfill-mbstring (v1.29.0)
  - Downloading symfony/translation (v5.4.35)
  - Downloading symfony/polyfill-intl-messageformatter (v1.29.0)
  - Downloading symfony/polyfill-php72 (v1.29.0)
  - Downloading symfony/polyfill-intl-normalizer (v1.29.0)
  - Downloading symfony/polyfill-intl-idn (v1.29.0)
  - Downloading symfony/mime (v5.4.35)
  - Downloading psr/event-dispatcher (1.0.0)
  - Downloading symfony/event-dispatcher-contracts (v3.4.0)
  - Downloading symfony/event-dispatcher (v5.4.35)
  - Downloading symfony/polyfill-intl-grapheme (v1.29.0)
  - Downloading symfony/string (v6.4.4)
  - Downloading psr/container (1.1.2)
  - Downloading symfony/service-contracts (v3.4.1)
  - Downloading symfony/polyfill-php73 (v1.29.0)
  - Downloading symfony/console (v5.4.36)
  - Downloading symfony/polyfill-php81 (v1.29.0)
  - Downloading symfony/filesystem (v6.4.3)
  - Downloading symfony/config (v5.4.36)
  - Downloading sycho/errors (3.0.0)
  - Downloading sycho/codecs-base64vlq (2.0.0)
  - Downloading sycho/sourcemap (2.0.0)
  - Downloading sycho/json-api (v0.5.2)
  - Downloading voku/portable-ascii (1.6.1)
  - Downloading psr/clock (1.0.0)
  - Downloading carbonphp/carbon-doctrine-types (1.0.0)
  - Downloading nesbot/carbon (2.72.3)
  - Downloading illuminate/macroable (v8.83.27)
  - Downloading psr/simple-cache (1.0.1)
  - Downloading illuminate/contracts (v8.83.27)
  - Downloading illuminate/collections (v8.83.27)
  - Downloading illuminate/support (v8.83.27)
  - Downloading illuminate/container (v8.83.27)
  - Downloading illuminate/database (v8.83.27)
  - Downloading staudenmeir/eloquent-eager-limit (v1.6.1)
  - Downloading s9e/sweetdom (2.1.2)
  - Downloading s9e/regexp-builder (1.4.6)
  - Downloading s9e/text-formatter (2.14.3)
  - Downloading psr/http-server-handler (1.0.2)
  - Downloading psr/http-server-middleware (1.0.2)
  - Downloading nikic/fast-route (v0.6.0)
  - Downloading monolog/monolog (1.27.1)
  - Downloading psr/http-factory (1.0.2)
  - Downloading middlewares/utils (v3.3.0)
  - Downloading middlewares/request-handler (v2.0.2)
  - Downloading middlewares/base-path-router (v2.0.1)
  - Downloading middlewares/base-path (v2.1.0)
  - Downloading matthiasmullie/path-converter (1.1.3)
  - Downloading matthiasmullie/minify (1.3.73)
  - Downloading league/mime-type-detection (1.15.0)
  - Downloading league/flysystem (1.1.10)
  - Downloading laminas/laminas-escaper (2.13.0)
  - Downloading fig/http-message-util (1.1.5)
  - Downloading laminas/laminas-stratigility (3.11.0)
  - Downloading ralouphie/getallheaders (3.0.3)
  - Downloading guzzlehttp/psr7 (2.6.2)
  - Downloading laminas/laminas-diactoros (2.26.0)
  - Downloading laminas/laminas-httphandlerrunner (2.10.0)
  - Downloading mobiledetect/mobiledetectlib (2.8.45)
  - Downloading jaybizzle/crawler-detect (v1.2.117)
  - Downloading jenssegers/agent (v2.6.4)
  - Downloading intervention/image (2.7.2)
  - Downloading illuminate/filesystem (v8.83.27)
  - Downloading illuminate/pipeline (v8.83.27)
  - Downloading illuminate/bus (v8.83.27)
  - Downloading illuminate/events (v8.83.27)
  - Downloading illuminate/view (v8.83.27)
  - Downloading symfony/http-foundation (v5.4.35)
  - Downloading illuminate/translation (v8.83.27)
  - Downloading egulias/email-validator (2.1.25)
  - Downloading illuminate/validation (v8.83.27)
  - Downloading illuminate/session (v8.83.27)
  - Downloading symfony/process (v5.4.36)
  - Downloading ramsey/collection (2.0.0)
  - Downloading brick/math (0.11.0)
  - Downloading ramsey/uuid (4.7.5)
  - Downloading opis/closure (3.6.3)
  - Downloading laravel/serializable-closure (v1.3.3)
  - Downloading illuminate/console (v8.83.27)
  - Downloading illuminate/queue (v8.83.27)
  - Downloading symfony/css-selector (v7.0.3)
  - Downloading tijsverkoyen/css-to-inline-styles (v2.2.7)
  - Downloading symfony/polyfill-iconv (v1.29.0)
  - Downloading swiftmailer/swiftmailer (v6.3.0)
  - Downloading nette/utils (v4.0.4)
  - Downloading nette/schema (v1.3.0)
  - Downloading dflydev/dot-access-data (v3.0.2)
  - Downloading league/config (v1.2.0)
  - Downloading league/commonmark (2.4.2)
  - Downloading illuminate/mail (v8.83.27)
  - Downloading illuminate/hashing (v8.83.27)
  - Downloading illuminate/config (v8.83.27)
  - Downloading illuminate/cache (v8.83.27)
  - Downloading psr/http-client (1.0.3)
  - Downloading guzzlehttp/promises (2.0.2)
  - Downloading guzzlehttp/guzzle (7.8.1)
  - Downloading filp/whoops (2.15.4)
  - Downloading franzl/whoops-middleware (2.0.0)
  - Downloading flarum/core (v1.8.5)
  - Downloading flarum/flags (v1.8.0)
  - Downloading flarum/approval (v1.8.1)
  - Downloading flarum/bbcode (v1.8.0)
  - Downloading flarum/emoji (v1.8.0)
  - Downloading seld/signal-handler (2.0.2)
  - Downloading seld/phar-utils (1.2.1)
  - Downloading seld/jsonlint (1.10.2)
  - Downloading react/promise (v3.1.0)
  - Downloading justinrainbow/json-schema (v5.2.13)
  - Downloading composer/composer (2.7.2)
  - Downloading flarum/extension-manager (v1.0.3)
  - Downloading flarum/lang-english (v1.8.0)
  - Downloading flarum/likes (v1.8.0)
  - Downloading flarum/lock (v1.8.0)
  - Downloading flarum/markdown (v1.8.0)
  - Downloading flarum/mentions (v1.8.3)
  - Downloading flarum/nicknames (v1.8.0)
  - Downloading pusher/pusher-php-server (2.6.4)
  - Downloading flarum/pusher (v1.8.0)
  - Downloading flarum/statistics (v1.8.0)
  - Downloading flarum/sticky (v1.8.0)
  - Downloading flarum/subscriptions (v1.8.0)
  - Downloading flarum/suspend (v1.8.1)
  - Downloading flarum/tags (v1.8.0)
  - Downloading fof/extend (1.3.3)
  - Downloading fof/gamification (1.6.7)
   0/152 [>---------------------------]   0%
  21/152 [===>------------------------]  13%
  32/152 [=====>----------------------]  21%
  49/152 [=========>------------------]  32%
  66/152 [============>---------------]  43%
  78/152 [==============>-------------]  51%
  95/152 [=================>----------]  62%
 116/152 [=====================>------]  76%
 124/152 [======================>-----]  81%
 141/152 [=========================>--]  92%
 152/152 [============================] 100%
  - Installing axy/backtrace (2.0.0): Extracting archive
  - Installing components/font-awesome (5.15.4): Extracting archive
  - Installing composer/ca-bundle (1.5.0): Extracting archive
  - Installing symfony/polyfill-php80 (v1.29.0): Extracting archive
  - Installing symfony/deprecation-contracts (v3.4.0): Extracting archive
  - Installing symfony/finder (v5.4.35): Extracting archive
  - Installing composer/pcre (3.1.3): Extracting archive
  - Installing composer/class-map-generator (1.1.1): Extracting archive
  - Installing composer/metadata-minifier (1.0.0): Extracting archive
  - Installing composer/semver (3.4.0): Extracting archive
  - Installing composer/spdx-licenses (1.5.8): Extracting archive
  - Installing psr/log (1.1.4): Extracting archive
  - Installing composer/xdebug-handler (3.0.3): Extracting archive
  - Installing psr/http-message (1.1): Extracting archive
  - Installing dflydev/fig-cookies (v3.1.0): Extracting archive
  - Installing doctrine/deprecations (1.1.3): Extracting archive
  - Installing doctrine/event-manager (1.2.0): Extracting archive
  - Installing doctrine/cache (2.2.0): Extracting archive
  - Installing doctrine/dbal (2.13.9): Extracting archive
  - Installing doctrine/inflector (2.0.10): Extracting archive
  - Installing doctrine/lexer (1.2.3): Extracting archive
  - Installing symfony/polyfill-ctype (v1.29.0): Extracting archive
  - Installing webmozart/assert (1.11.0): Extracting archive
  - Installing dragonmantank/cron-expression (v3.3.3): Extracting archive
  - Installing wikimedia/less.php (v3.2.1): Extracting archive
  - Installing symfony/yaml (v5.4.35): Extracting archive
  - Installing symfony/translation-contracts (v2.5.2): Extracting archive
  - Installing symfony/polyfill-mbstring (v1.29.0): Extracting archive
  - Installing symfony/translation (v5.4.35): Extracting archive
  - Installing symfony/polyfill-intl-messageformatter (v1.29.0): Extracting archive
  - Installing symfony/polyfill-php72 (v1.29.0): Extracting archive
  - Installing symfony/polyfill-intl-normalizer (v1.29.0): Extracting archive
  - Installing symfony/polyfill-intl-idn (v1.29.0): Extracting archive
  - Installing symfony/mime (v5.4.35): Extracting archive
  - Installing psr/event-dispatcher (1.0.0): Extracting archive
  - Installing symfony/event-dispatcher-contracts (v3.4.0): Extracting archive
  - Installing symfony/event-dispatcher (v5.4.35): Extracting archive
  - Installing symfony/polyfill-intl-grapheme (v1.29.0): Extracting archive
  - Installing symfony/string (v6.4.4): Extracting archive
  - Installing psr/container (1.1.2): Extracting archive
  - Installing symfony/service-contracts (v3.4.1): Extracting archive
  - Installing symfony/polyfill-php73 (v1.29.0): Extracting archive
  - Installing symfony/console (v5.4.36): Extracting archive
  - Installing symfony/polyfill-php81 (v1.29.0): Extracting archive
  - Installing symfony/filesystem (v6.4.3): Extracting archive
  - Installing symfony/config (v5.4.36): Extracting archive
  - Installing sycho/errors (3.0.0): Extracting archive
  - Installing sycho/codecs-base64vlq (2.0.0): Extracting archive
  - Installing sycho/sourcemap (2.0.0): Extracting archive
  - Installing sycho/json-api (v0.5.2): Extracting archive
  - Installing voku/portable-ascii (1.6.1): Extracting archive
  - Installing psr/clock (1.0.0): Extracting archive
  - Installing carbonphp/carbon-doctrine-types (1.0.0): Extracting archive
  - Installing nesbot/carbon (2.72.3): Extracting archive
  - Installing illuminate/macroable (v8.83.27): Extracting archive
  - Installing psr/simple-cache (1.0.1): Extracting archive
  - Installing illuminate/contracts (v8.83.27): Extracting archive
  - Installing illuminate/collections (v8.83.27): Extracting archive
  - Installing illuminate/support (v8.83.27): Extracting archive
  - Installing illuminate/container (v8.83.27): Extracting archive
  - Installing illuminate/database (v8.83.27): Extracting archive
  - Installing staudenmeir/eloquent-eager-limit (v1.6.1): Extracting archive
  - Installing s9e/sweetdom (2.1.2): Extracting archive
  - Installing s9e/regexp-builder (1.4.6): Extracting archive
  - Installing s9e/text-formatter (2.14.3): Extracting archive
  - Installing psr/http-server-handler (1.0.2): Extracting archive
  - Installing psr/http-server-middleware (1.0.2): Extracting archive
  - Installing nikic/fast-route (v0.6.0): Extracting archive
  - Installing monolog/monolog (1.27.1): Extracting archive
  - Installing psr/http-factory (1.0.2): Extracting archive
  - Installing middlewares/utils (v3.3.0): Extracting archive
  - Installing middlewares/request-handler (v2.0.2): Extracting archive
  - Installing middlewares/base-path-router (v2.0.1): Extracting archive
  - Installing middlewares/base-path (v2.1.0): Extracting archive
  - Installing matthiasmullie/path-converter (1.1.3): Extracting archive
  - Installing matthiasmullie/minify (1.3.73): Extracting archive
  - Installing league/mime-type-detection (1.15.0): Extracting archive
  - Installing league/flysystem (1.1.10): Extracting archive
  - Installing laminas/laminas-escaper (2.13.0): Extracting archive
  - Installing fig/http-message-util (1.1.5): Extracting archive
  - Installing laminas/laminas-stratigility (3.11.0): Extracting archive
  - Installing ralouphie/getallheaders (3.0.3): Extracting archive
  - Installing guzzlehttp/psr7 (2.6.2): Extracting archive
  - Installing laminas/laminas-diactoros (2.26.0): Extracting archive
  - Installing laminas/laminas-httphandlerrunner (2.10.0): Extracting archive
  - Installing mobiledetect/mobiledetectlib (2.8.45): Extracting archive
  - Installing jaybizzle/crawler-detect (v1.2.117): Extracting archive
  - Installing jenssegers/agent (v2.6.4): Extracting archive
  - Installing intervention/image (2.7.2): Extracting archive
  - Installing illuminate/filesystem (v8.83.27): Extracting archive
  - Installing illuminate/pipeline (v8.83.27): Extracting archive
  - Installing illuminate/bus (v8.83.27): Extracting archive
  - Installing illuminate/events (v8.83.27): Extracting archive
  - Installing illuminate/view (v8.83.27): Extracting archive
  - Installing symfony/http-foundation (v5.4.35): Extracting archive
  - Installing illuminate/translation (v8.83.27): Extracting archive
  - Installing egulias/email-validator (2.1.25): Extracting archive
  - Installing illuminate/validation (v8.83.27): Extracting archive
  - Installing illuminate/session (v8.83.27): Extracting archive
  - Installing symfony/process (v5.4.36): Extracting archive
  - Installing ramsey/collection (2.0.0): Extracting archive
  - Installing brick/math (0.11.0): Extracting archive
  - Installing ramsey/uuid (4.7.5): Extracting archive
  - Installing opis/closure (3.6.3): Extracting archive
  - Installing laravel/serializable-closure (v1.3.3): Extracting archive
  - Installing illuminate/console (v8.83.27): Extracting archive
  - Installing illuminate/queue (v8.83.27): Extracting archive
  - Installing symfony/css-selector (v7.0.3): Extracting archive
  - Installing tijsverkoyen/css-to-inline-styles (v2.2.7): Extracting archive
  - Installing symfony/polyfill-iconv (v1.29.0): Extracting archive
  - Installing swiftmailer/swiftmailer (v6.3.0): Extracting archive
  - Installing nette/utils (v4.0.4): Extracting archive
  - Installing nette/schema (v1.3.0): Extracting archive
  - Installing dflydev/dot-access-data (v3.0.2): Extracting archive
  - Installing league/config (v1.2.0): Extracting archive
  - Installing league/commonmark (2.4.2): Extracting archive
  - Installing illuminate/mail (v8.83.27): Extracting archive
  - Installing illuminate/hashing (v8.83.27): Extracting archive
  - Installing illuminate/config (v8.83.27): Extracting archive
  - Installing illuminate/cache (v8.83.27): Extracting archive
  - Installing psr/http-client (1.0.3): Extracting archive
  - Installing guzzlehttp/promises (2.0.2): Extracting archive
  - Installing guzzlehttp/guzzle (7.8.1): Extracting archive
  - Installing filp/whoops (2.15.4): Extracting archive
  - Installing franzl/whoops-middleware (2.0.0): Extracting archive
  - Installing flarum/core (v1.8.5): Extracting archive
  - Installing flarum/flags (v1.8.0): Extracting archive
  - Installing flarum/approval (v1.8.1): Extracting archive
  - Installing flarum/bbcode (v1.8.0): Extracting archive
  - Installing flarum/emoji (v1.8.0): Extracting archive
  - Installing seld/signal-handler (2.0.2): Extracting archive
  - Installing seld/phar-utils (1.2.1): Extracting archive
  - Installing seld/jsonlint (1.10.2): Extracting archive
  - Installing react/promise (v3.1.0): Extracting archive
  - Installing justinrainbow/json-schema (v5.2.13): Extracting archive
  - Installing composer/composer (2.7.2): Extracting archive
  - Installing flarum/extension-manager (v1.0.3): Extracting archive
  - Installing flarum/lang-english (v1.8.0): Extracting archive
  - Installing flarum/likes (v1.8.0): Extracting archive
  - Installing flarum/lock (v1.8.0): Extracting archive
  - Installing flarum/markdown (v1.8.0): Extracting archive
  - Installing flarum/mentions (v1.8.3): Extracting archive
  - Installing flarum/nicknames (v1.8.0): Extracting archive
  - Installing pusher/pusher-php-server (2.6.4): Extracting archive
  - Installing flarum/pusher (v1.8.0): Extracting archive
  - Installing flarum/statistics (v1.8.0): Extracting archive
  - Installing flarum/sticky (v1.8.0): Extracting archive
  - Installing flarum/subscriptions (v1.8.0): Extracting archive
  - Installing flarum/suspend (v1.8.1): Extracting archive
  - Installing flarum/tags (v1.8.0): Extracting archive
  - Installing fof/extend (1.3.3): Extracting archive
  - Installing fof/gamification (1.6.7): Extracting archive
   0/152 [>---------------------------]   0%
  19/152 [===>------------------------]  12%
  36/152 [======>---------------------]  23%
  48/152 [========>-------------------]  31%
  63/152 [===========>----------------]  41%
  78/152 [==============>-------------]  51%
  92/152 [================>-----------]  60%
 109/152 [====================>-------]  71%
 125/152 [=======================>----]  82%
 137/152 [=========================>--]  90%
 149/152 [===========================>]  98%
 152/152 [============================] 100%
<warning>Package swiftmailer/swiftmailer is abandoned, you should avoid using it. Use symfony/mailer instead.</warning>
Generating autoload files
89 packages you are using are looking for funding.
Use the `composer fund` command to find out more!
No security vulnerability advisories found.
  
[2024-03-21 20:51:14] composer.INFO: require "fof/pages:*" -W
<warning>Composer could not detect the root package (flarum/flarum) version, defaulting to '1.0.0'. See https://getcomposer.org/root-version</warning>
C:\xampp\htdocs\flarum\flarum/composer.json has been updated
<warning>Composer could not detect the root package (flarum/flarum) version, defaulting to '1.0.0'. See https://getcomposer.org/root-version</warning>
Running composer update fof/pages --with-all-dependencies
Loading composer repositories with package information
Updating dependencies
Lock file operations: 1 install, 0 updates, 0 removals
  - Locking fof/pages (1.0.8)
Writing lock file
Installing dependencies from lock file (including require-dev)
Package operations: 153 installs, 0 updates, 0 removals
  - Downloading fof/pages (1.0.8)
 0/1 [>---------------------------]   0%
 1/1 [============================] 100%
  - Installing axy/backtrace (2.0.0): Extracting archive
  - Installing components/font-awesome (5.15.4): Extracting archive
  - Installing composer/ca-bundle (1.5.0): Extracting archive
  - Installing symfony/polyfill-php80 (v1.29.0): Extracting archive
  - Installing symfony/deprecation-contracts (v3.4.0): Extracting archive
  - Installing symfony/finder (v5.4.35): Extracting archive
  - Installing composer/pcre (3.1.3): Extracting archive
  - Installing composer/class-map-generator (1.1.1): Extracting archive
  - Installing composer/metadata-minifier (1.0.0): Extracting archive
  - Installing composer/semver (3.4.0): Extracting archive
  - Installing composer/spdx-licenses (1.5.8): Extracting archive
  - Installing psr/log (1.1.4): Extracting archive
  - Installing composer/xdebug-handler (3.0.3): Extracting archive
  - Installing psr/http-message (1.1): Extracting archive
  - Installing dflydev/fig-cookies (v3.1.0): Extracting archive
  - Installing doctrine/deprecations (1.1.3): Extracting archive
  - Installing doctrine/event-manager (1.2.0): Extracting archive
  - Installing doctrine/cache (2.2.0): Extracting archive
  - Installing doctrine/dbal (2.13.9): Extracting archive
  - Installing doctrine/inflector (2.0.10): Extracting archive
  - Installing doctrine/lexer (1.2.3): Extracting archive
  - Installing symfony/polyfill-ctype (v1.29.0): Extracting archive
  - Installing webmozart/assert (1.11.0): Extracting archive
  - Installing dragonmantank/cron-expression (v3.3.3): Extracting archive
  - Installing wikimedia/less.php (v3.2.1): Extracting archive
  - Installing symfony/yaml (v5.4.35): Extracting archive
  - Installing symfony/translation-contracts (v2.5.2): Extracting archive
  - Installing symfony/polyfill-mbstring (v1.29.0): Extracting archive
  - Installing symfony/translation (v5.4.35): Extracting archive
  - Installing symfony/polyfill-intl-messageformatter (v1.29.0): Extracting archive
  - Installing symfony/polyfill-php72 (v1.29.0): Extracting archive
  - Installing symfony/polyfill-intl-normalizer (v1.29.0): Extracting archive
  - Installing symfony/polyfill-intl-idn (v1.29.0): Extracting archive
  - Installing symfony/mime (v5.4.35): Extracting archive
  - Installing psr/event-dispatcher (1.0.0): Extracting archive
  - Installing symfony/event-dispatcher-contracts (v3.4.0): Extracting archive
  - Installing symfony/event-dispatcher (v5.4.35): Extracting archive
  - Installing symfony/polyfill-intl-grapheme (v1.29.0): Extracting archive
  - Installing symfony/string (v6.4.4): Extracting archive
  - Installing psr/container (1.1.2): Extracting archive
  - Installing symfony/service-contracts (v3.4.1): Extracting archive
  - Installing symfony/polyfill-php73 (v1.29.0): Extracting archive
  - Installing symfony/console (v5.4.36): Extracting archive
  - Installing symfony/polyfill-php81 (v1.29.0): Extracting archive
  - Installing symfony/filesystem (v6.4.3): Extracting archive
  - Installing symfony/config (v5.4.36): Extracting archive
  - Installing sycho/errors (3.0.0): Extracting archive
  - Installing sycho/codecs-base64vlq (2.0.0): Extracting archive
  - Installing sycho/sourcemap (2.0.0): Extracting archive
  - Installing sycho/json-api (v0.5.2): Extracting archive
  - Installing voku/portable-ascii (1.6.1): Extracting archive
  - Installing psr/clock (1.0.0): Extracting archive
  - Installing carbonphp/carbon-doctrine-types (1.0.0): Extracting archive
  - Installing nesbot/carbon (2.72.3): Extracting archive
  - Installing illuminate/macroable (v8.83.27): Extracting archive
  - Installing psr/simple-cache (1.0.1): Extracting archive
  - Installing illuminate/contracts (v8.83.27): Extracting archive
  - Installing illuminate/collections (v8.83.27): Extracting archive
  - Installing illuminate/support (v8.83.27): Extracting archive
  - Installing illuminate/container (v8.83.27): Extracting archive
  - Installing illuminate/database (v8.83.27): Extracting archive
  - Installing staudenmeir/eloquent-eager-limit (v1.6.1): Extracting archive
  - Installing s9e/sweetdom (2.1.2): Extracting archive
  - Installing s9e/regexp-builder (1.4.6): Extracting archive
  - Installing s9e/text-formatter (2.14.3): Extracting archive
  - Installing psr/http-server-handler (1.0.2): Extracting archive
  - Installing psr/http-server-middleware (1.0.2): Extracting archive
  - Installing nikic/fast-route (v0.6.0): Extracting archive
  - Installing monolog/monolog (1.27.1): Extracting archive
  - Installing psr/http-factory (1.0.2): Extracting archive
  - Installing middlewares/utils (v3.3.0): Extracting archive
  - Installing middlewares/request-handler (v2.0.2): Extracting archive
  - Installing middlewares/base-path-router (v2.0.1): Extracting archive
  - Installing middlewares/base-path (v2.1.0): Extracting archive
  - Installing matthiasmullie/path-converter (1.1.3): Extracting archive
  - Installing matthiasmullie/minify (1.3.73): Extracting archive
  - Installing league/mime-type-detection (1.15.0): Extracting archive
  - Installing league/flysystem (1.1.10): Extracting archive
  - Installing laminas/laminas-escaper (2.13.0): Extracting archive
  - Installing fig/http-message-util (1.1.5): Extracting archive
  - Installing laminas/laminas-stratigility (3.11.0): Extracting archive
  - Installing ralouphie/getallheaders (3.0.3): Extracting archive
  - Installing guzzlehttp/psr7 (2.6.2): Extracting archive
  - Installing laminas/laminas-diactoros (2.26.0): Extracting archive
  - Installing laminas/laminas-httphandlerrunner (2.10.0): Extracting archive
  - Installing mobiledetect/mobiledetectlib (2.8.45): Extracting archive
  - Installing jaybizzle/crawler-detect (v1.2.117): Extracting archive
  - Installing jenssegers/agent (v2.6.4): Extracting archive
  - Installing intervention/image (2.7.2): Extracting archive
  - Installing illuminate/filesystem (v8.83.27): Extracting archive
  - Installing illuminate/pipeline (v8.83.27): Extracting archive
  - Installing illuminate/bus (v8.83.27): Extracting archive
  - Installing illuminate/events (v8.83.27): Extracting archive
  - Installing illuminate/view (v8.83.27): Extracting archive
  - Installing symfony/http-foundation (v5.4.35): Extracting archive
  - Installing illuminate/translation (v8.83.27): Extracting archive
  - Installing egulias/email-validator (2.1.25): Extracting archive
  - Installing illuminate/validation (v8.83.27): Extracting archive
  - Installing illuminate/session (v8.83.27): Extracting archive
  - Installing symfony/process (v5.4.36): Extracting archive
  - Installing ramsey/collection (2.0.0): Extracting archive
  - Installing brick/math (0.11.0): Extracting archive
  - Installing ramsey/uuid (4.7.5): Extracting archive
  - Installing opis/closure (3.6.3): Extracting archive
  - Installing laravel/serializable-closure (v1.3.3): Extracting archive
  - Installing illuminate/console (v8.83.27): Extracting archive
  - Installing illuminate/queue (v8.83.27): Extracting archive
  - Installing symfony/css-selector (v7.0.3): Extracting archive
  - Installing tijsverkoyen/css-to-inline-styles (v2.2.7): Extracting archive
  - Installing symfony/polyfill-iconv (v1.29.0): Extracting archive
  - Installing swiftmailer/swiftmailer (v6.3.0): Extracting archive
  - Installing nette/utils (v4.0.4): Extracting archive
  - Installing nette/schema (v1.3.0): Extracting archive
  - Installing dflydev/dot-access-data (v3.0.2): Extracting archive
  - Installing league/config (v1.2.0): Extracting archive
  - Installing league/commonmark (2.4.2): Extracting archive
  - Installing illuminate/mail (v8.83.27): Extracting archive
  - Installing illuminate/hashing (v8.83.27): Extracting archive
  - Installing illuminate/config (v8.83.27): Extracting archive
  - Installing illuminate/cache (v8.83.27): Extracting archive
  - Installing psr/http-client (1.0.3): Extracting archive
  - Installing guzzlehttp/promises (2.0.2): Extracting archive
  - Installing guzzlehttp/guzzle (7.8.1): Extracting archive
  - Installing filp/whoops (2.15.4): Extracting archive
  - Installing franzl/whoops-middleware (2.0.0): Extracting archive
  - Installing flarum/core (v1.8.5): Extracting archive
  - Installing flarum/flags (v1.8.0): Extracting archive
  - Installing flarum/approval (v1.8.1): Extracting archive
  - Installing flarum/bbcode (v1.8.0): Extracting archive
  - Installing flarum/emoji (v1.8.0): Extracting archive
  - Installing seld/signal-handler (2.0.2): Extracting archive
  - Installing seld/phar-utils (1.2.1): Extracting archive
  - Installing seld/jsonlint (1.10.2): Extracting archive
  - Installing react/promise (v3.1.0): Extracting archive
  - Installing justinrainbow/json-schema (v5.2.13): Extracting archive
  - Installing composer/composer (2.7.2): Extracting archive
  - Installing flarum/extension-manager (v1.0.3): Extracting archive
  - Installing flarum/lang-english (v1.8.0): Extracting archive
  - Installing flarum/likes (v1.8.0): Extracting archive
  - Installing flarum/lock (v1.8.0): Extracting archive
  - Installing flarum/markdown (v1.8.0): Extracting archive
  - Installing flarum/mentions (v1.8.3): Extracting archive
  - Installing flarum/nicknames (v1.8.0): Extracting archive
  - Installing pusher/pusher-php-server (2.6.4): Extracting archive
  - Installing flarum/pusher (v1.8.0): Extracting archive
  - Installing flarum/statistics (v1.8.0): Extracting archive
  - Installing flarum/sticky (v1.8.0): Extracting archive
  - Installing flarum/subscriptions (v1.8.0): Extracting archive
  - Installing flarum/suspend (v1.8.1): Extracting archive
  - Installing flarum/tags (v1.8.0): Extracting archive
  - Installing fof/extend (1.3.3): Extracting archive
  - Installing fof/gamification (1.6.7): Extracting archive
  - Installing fof/pages (1.0.8): Extracting archive
   0/153 [>---------------------------]   0%
  18/153 [===>------------------------]  11%
  33/153 [======>---------------------]  21%
  46/153 [========>-------------------]  30%
  63/153 [===========>----------------]  41%
  77/153 [==============>-------------]  50%
  90/153 [================>-----------]  58%
  94/153 [=================>----------]  61%
 110/153 [====================>-------]  71%
 125/153 [======================>-----]  81%
 139/153 [=========================>--]  90%
 152/153 [===========================>]  99%
 153/153 [============================] 100%
<warning>Package swiftmailer/swiftmailer is abandoned, you should avoid using it. Use symfony/mailer instead.</warning>
Generating autoload files
90 packages you are using are looking for funding.
Use the `composer fund` command to find out more!
No security vulnerability advisories found.
  
[2024-03-21 20:52:24] composer.INFO: require "datlechin/flarum-landing-page:*" -W
<warning>Composer could not detect the root package (flarum/flarum) version, defaulting to '1.0.0'. See https://getcomposer.org/root-version</warning>
C:\xampp\htdocs\flarum\flarum/composer.json has been updated
<warning>Composer could not detect the root package (flarum/flarum) version, defaulting to '1.0.0'. See https://getcomposer.org/root-version</warning>
Running composer update datlechin/flarum-landing-page --with-all-dependencies
Loading composer repositories with package information
Updating dependencies
Lock file operations: 1 install, 0 updates, 0 removals
  - Locking datlechin/flarum-landing-page (0.1.0)
Writing lock file
Installing dependencies from lock file (including require-dev)
Package operations: 154 installs, 0 updates, 0 removals
  - Downloading datlechin/flarum-landing-page (0.1.0)
 0/1 [>---------------------------]   0%
 1/1 [============================] 100%
  - Installing axy/backtrace (2.0.0): Extracting archive
  - Installing components/font-awesome (5.15.4): Extracting archive
  - Installing composer/ca-bundle (1.5.0): Extracting archive
  - Installing symfony/polyfill-php80 (v1.29.0): Extracting archive
  - Installing symfony/deprecation-contracts (v3.4.0): Extracting archive
  - Installing symfony/finder (v5.4.35): Extracting archive
  - Installing composer/pcre (3.1.3): Extracting archive
  - Installing composer/class-map-generator (1.1.1): Extracting archive
  - Installing composer/metadata-minifier (1.0.0): Extracting archive
  - Installing composer/semver (3.4.0): Extracting archive
  - Installing composer/spdx-licenses (1.5.8): Extracting archive
  - Installing psr/log (1.1.4): Extracting archive
  - Installing composer/xdebug-handler (3.0.3): Extracting archive
  - Installing wikimedia/less.php (v3.2.1): Extracting archive
  - Installing symfony/polyfill-ctype (v1.29.0): Extracting archive
  - Installing symfony/yaml (v5.4.35): Extracting archive
  - Installing symfony/translation-contracts (v2.5.2): Extracting archive
  - Installing symfony/polyfill-mbstring (v1.29.0): Extracting archive
  - Installing symfony/translation (v5.4.35): Extracting archive
  - Installing symfony/polyfill-intl-messageformatter (v1.29.0): Extracting archive
  - Installing symfony/polyfill-php72 (v1.29.0): Extracting archive
  - Installing symfony/polyfill-intl-normalizer (v1.29.0): Extracting archive
  - Installing symfony/polyfill-intl-idn (v1.29.0): Extracting archive
  - Installing symfony/mime (v5.4.35): Extracting archive
  - Installing psr/event-dispatcher (1.0.0): Extracting archive
  - Installing symfony/event-dispatcher-contracts (v3.4.0): Extracting archive
  - Installing symfony/event-dispatcher (v5.4.35): Extracting archive
  - Installing symfony/polyfill-intl-grapheme (v1.29.0): Extracting archive
  - Installing symfony/string (v6.4.4): Extracting archive
  - Installing psr/container (1.1.2): Extracting archive
  - Installing symfony/service-contracts (v3.4.1): Extracting archive
  - Installing symfony/polyfill-php73 (v1.29.0): Extracting archive
  - Installing symfony/console (v5.4.36): Extracting archive
  - Installing symfony/polyfill-php81 (v1.29.0): Extracting archive
  - Installing symfony/filesystem (v6.4.3): Extracting archive
  - Installing symfony/config (v5.4.36): Extracting archive
  - Installing sycho/errors (3.0.0): Extracting archive
  - Installing sycho/codecs-base64vlq (2.0.0): Extracting archive
  - Installing sycho/sourcemap (2.0.0): Extracting archive
  - Installing sycho/json-api (v0.5.2): Extracting archive
  - Installing voku/portable-ascii (1.6.1): Extracting archive
  - Installing psr/clock (1.0.0): Extracting archive
  - Installing carbonphp/carbon-doctrine-types (1.0.0): Extracting archive
  - Installing nesbot/carbon (2.72.3): Extracting archive
  - Installing illuminate/macroable (v8.83.27): Extracting archive
  - Installing psr/simple-cache (1.0.1): Extracting archive
  - Installing illuminate/contracts (v8.83.27): Extracting archive
  - Installing illuminate/collections (v8.83.27): Extracting archive
  - Installing doctrine/inflector (2.0.10): Extracting archive
  - Installing illuminate/support (v8.83.27): Extracting archive
  - Installing illuminate/container (v8.83.27): Extracting archive
  - Installing illuminate/database (v8.83.27): Extracting archive
  - Installing staudenmeir/eloquent-eager-limit (v1.6.1): Extracting archive
  - Installing s9e/sweetdom (2.1.2): Extracting archive
  - Installing s9e/regexp-builder (1.4.6): Extracting archive
  - Installing s9e/text-formatter (2.14.3): Extracting archive
  - Installing psr/http-message (1.1): Extracting archive
  - Installing psr/http-server-handler (1.0.2): Extracting archive
  - Installing psr/http-server-middleware (1.0.2): Extracting archive
  - Installing nikic/fast-route (v0.6.0): Extracting archive
  - Installing monolog/monolog (1.27.1): Extracting archive
  - Installing psr/http-factory (1.0.2): Extracting archive
  - Installing middlewares/utils (v3.3.0): Extracting archive
  - Installing middlewares/request-handler (v2.0.2): Extracting archive
  - Installing middlewares/base-path-router (v2.0.1): Extracting archive
  - Installing middlewares/base-path (v2.1.0): Extracting archive
  - Installing matthiasmullie/path-converter (1.1.3): Extracting archive
  - Installing matthiasmullie/minify (1.3.73): Extracting archive
  - Installing league/mime-type-detection (1.15.0): Extracting archive
  - Installing league/flysystem (1.1.10): Extracting archive
  - Installing laminas/laminas-escaper (2.13.0): Extracting archive
  - Installing fig/http-message-util (1.1.5): Extracting archive
  - Installing laminas/laminas-stratigility (3.11.0): Extracting archive
  - Installing ralouphie/getallheaders (3.0.3): Extracting archive
  - Installing guzzlehttp/psr7 (2.6.2): Extracting archive
  - Installing laminas/laminas-diactoros (2.26.0): Extracting archive
  - Installing laminas/laminas-httphandlerrunner (2.10.0): Extracting archive
  - Installing mobiledetect/mobiledetectlib (2.8.45): Extracting archive
  - Installing jaybizzle/crawler-detect (v1.2.117): Extracting archive
  - Installing jenssegers/agent (v2.6.4): Extracting archive
  - Installing intervention/image (2.7.2): Extracting archive
  - Installing illuminate/filesystem (v8.83.27): Extracting archive
  - Installing illuminate/pipeline (v8.83.27): Extracting archive
  - Installing illuminate/bus (v8.83.27): Extracting archive
  - Installing illuminate/events (v8.83.27): Extracting archive
  - Installing illuminate/view (v8.83.27): Extracting archive
  - Installing symfony/http-foundation (v5.4.35): Extracting archive
  - Installing illuminate/translation (v8.83.27): Extracting archive
  - Installing doctrine/lexer (1.2.3): Extracting archive
  - Installing egulias/email-validator (2.1.25): Extracting archive
  - Installing illuminate/validation (v8.83.27): Extracting archive
  - Installing illuminate/session (v8.83.27): Extracting archive
  - Installing symfony/process (v5.4.36): Extracting archive
  - Installing ramsey/collection (2.0.0): Extracting archive
  - Installing brick/math (0.11.0): Extracting archive
  - Installing ramsey/uuid (4.7.5): Extracting archive
  - Installing opis/closure (3.6.3): Extracting archive
  - Installing laravel/serializable-closure (v1.3.3): Extracting archive
  - Installing illuminate/console (v8.83.27): Extracting archive
  - Installing illuminate/queue (v8.83.27): Extracting archive
  - Installing symfony/css-selector (v7.0.3): Extracting archive
  - Installing tijsverkoyen/css-to-inline-styles (v2.2.7): Extracting archive
  - Installing symfony/polyfill-iconv (v1.29.0): Extracting archive
  - Installing swiftmailer/swiftmailer (v6.3.0): Extracting archive
  - Installing nette/utils (v4.0.4): Extracting archive
  - Installing nette/schema (v1.3.0): Extracting archive
  - Installing dflydev/dot-access-data (v3.0.2): Extracting archive
  - Installing league/config (v1.2.0): Extracting archive
  - Installing league/commonmark (2.4.2): Extracting archive
  - Installing illuminate/mail (v8.83.27): Extracting archive
  - Installing illuminate/hashing (v8.83.27): Extracting archive
  - Installing illuminate/config (v8.83.27): Extracting archive
  - Installing illuminate/cache (v8.83.27): Extracting archive
  - Installing psr/http-client (1.0.3): Extracting archive
  - Installing guzzlehttp/promises (2.0.2): Extracting archive
  - Installing guzzlehttp/guzzle (7.8.1): Extracting archive
  - Installing filp/whoops (2.15.4): Extracting archive
  - Installing franzl/whoops-middleware (2.0.0): Extracting archive
  - Installing webmozart/assert (1.11.0): Extracting archive
  - Installing dragonmantank/cron-expression (v3.3.3): Extracting archive
  - Installing doctrine/deprecations (1.1.3): Extracting archive
  - Installing doctrine/event-manager (1.2.0): Extracting archive
  - Installing doctrine/cache (2.2.0): Extracting archive
  - Installing doctrine/dbal (2.13.9): Extracting archive
  - Installing dflydev/fig-cookies (v3.1.0): Extracting archive
  - Installing flarum/core (v1.8.5): Extracting archive
  - Installing datlechin/flarum-landing-page (0.1.0): Extracting archive
  - Installing flarum/flags (v1.8.0): Extracting archive
  - Installing flarum/approval (v1.8.1): Extracting archive
  - Installing flarum/bbcode (v1.8.0): Extracting archive
  - Installing flarum/emoji (v1.8.0): Extracting archive
  - Installing seld/signal-handler (2.0.2): Extracting archive
  - Installing seld/phar-utils (1.2.1): Extracting archive
  - Installing seld/jsonlint (1.10.2): Extracting archive
  - Installing react/promise (v3.1.0): Extracting archive
  - Installing justinrainbow/json-schema (v5.2.13): Extracting archive
  - Installing composer/composer (2.7.2): Extracting archive
  - Installing flarum/extension-manager (v1.0.3): Extracting archive
  - Installing flarum/lang-english (v1.8.0): Extracting archive
  - Installing flarum/likes (v1.8.0): Extracting archive
  - Installing flarum/lock (v1.8.0): Extracting archive
  - Installing flarum/markdown (v1.8.0): Extracting archive
  - Installing flarum/mentions (v1.8.3): Extracting archive
  - Installing flarum/nicknames (v1.8.0): Extracting archive
  - Installing pusher/pusher-php-server (2.6.4): Extracting archive
  - Installing flarum/pusher (v1.8.0): Extracting archive
  - Installing flarum/statistics (v1.8.0): Extracting archive
  - Installing flarum/sticky (v1.8.0): Extracting archive
  - Installing flarum/subscriptions (v1.8.0): Extracting archive
  - Installing flarum/suspend (v1.8.1): Extracting archive
  - Installing flarum/tags (v1.8.0): Extracting archive
  - Installing fof/extend (1.3.3): Extracting archive
  - Installing fof/gamification (1.6.7): Extracting archive
  - Installing fof/pages (1.0.8): Extracting archive
   0/154 [>---------------------------]   0%
  18/154 [===>------------------------]  11%
  37/154 [======>---------------------]  24%
  48/154 [========>-------------------]  31%
  61/154 [===========>----------------]  39%
  64/154 [===========>----------------]  41%
  76/154 [=============>--------------]  49%
  79/154 [==============>-------------]  51%
  93/154 [================>-----------]  60%
 108/154 [===================>--------]  70%
 123/154 [======================>-----]  79%
 124/154 [======================>-----]  80%
 136/154 [========================>---]  88%
 140/154 [=========================>--]  90%
 153/154 [===========================>]  99%
 154/154 [============================] 100%
<warning>Package swiftmailer/swiftmailer is abandoned, you should avoid using it. Use symfony/mailer instead.</warning>
Generating autoload files
90 packages you are using are looking for funding.
Use the `composer fund` command to find out more!
No security vulnerability advisories found.
  
